0  101  513  2529  
GrafReMax: new_nn=126 
1  110  1892  2095  
2  115  1866  2079  
GrafReMax: new_nn=157 
3  134  1860  2049  
4  120  1618  1796  
5  98  1107  1265  
6  94  997  1128  
7  88  1018  1147  
8  69  540  615  
9  61  346  409  
10  59  335  392  
11  43  166  196  
12  42  169  197  
13  34  140  173  
14  34  148  171  
15  41  185  219  
16  39  187  220  
17  41  214  253  
18  42  227  278  
19  43  246  306  
20  40  212  268  
21  38  197  250  
22  43  237  298  
23  50  335  403  
24  33  160  193  
25  22  81  101  
26  25  102  122  
27  25  99  125  
28  24  80  105  
29  22  73  97  
30  25  102  123  
31  28  116  148  
32  16  44  63  
33  10  20  33  
34  13  33  50  
35  12  34  48  
36  11  22  36  
37  13  31  44  
38  10  20  31  
39  11  21  36  
40  15  38  55  
41  18  56  79  
42  20  72  99  
43  28  123  158  
44  27  129  159  
45  16  58  76  
46  7  11  15  
47  7  11  16  
48  9  10  19  
49  6  6  9  
50  8  11  18  
51  5  3  8  
52  4  2  6  
53  7  10  18  
54  4  1  6  
55  5  5  10  
56  4  2  6  
57  8  9  19  
58  6  6  13  
59  2  0  1  
60  2  0  1  
61  0  0  0  
