0  101  577  2513  
GrafReMax: new_nn=126 
1  92  1305  1496  
2  98  1477  1713  
3  80  941  1102  
4  87  1102  1265  
5  91  1082  1254  
6  73  719  862  
7  62  475  574  
8  80  746  880  
9  87  880  1004  
10  82  784  904  
11  88  847  956  
12  87  859  965  
13  82  879  990  
14  71  716  826  
15  67  653  763  
16  66  607  705  
17  52  385  452  
18  51  358  429  
19  50  360  439  
20  59  494  583  
21  63  579  654  
22  80  745  842  
23  78  740  843  
24  80  758  869  
25  92  910  1043  
26  84  800  928  
27  77  680  805  
28  57  424  514  
29  70  558  654  
30  69  556  655  
31  78  671  789  
32  75  671  783  
33  64  521  617  
34  66  565  646  
35  64  563  663  
36  59  467  548  
37  51  383  446  
38  58  457  531  
39  46  287  348  
40  27  94  112  
41  27  96  123  
42  32  129  162  
43  32  129  171  
44  28  114  145  
45  27  106  137  
46  28  127  161  
47  26  115  147  
48  28  135  172  
49  23  104  130  
50  21  69  90  
51  30  122  150  
52  20  72  93  
53  14  31  44  
54  12  26  34  
55  11  16  22  
56  8  5  10  
57  9  10  17  
58  3  1  2  
59  2  0  1  
60  2  0  1  
61  3  0  3  
62  5  4  10  
63  5  4  10  
64  2  0  1  
65  2  0  1  
66  2  0  1  
67  2  0  1  
68  2  0  1  
69  2  0  1  
70  1  0  0  
71  0  0  0  
